# JRE version: Java(TM) SE Runtime Environment (8.0_112-b15) (build 1.8.0_112-b15)
# Java VM: Java HotSpot(TM) 64-Bit Server VM (25.112-b15 mixed mode windows-amd64 compressed oops)
Heap:
 PSYoungGen      total 187392K, used 160176K [0x00000000eab00000, 0x00000000f7300000, 0x0000000100000000)
  eden space 171008K, 90% used [0x00000000eab00000,0x00000000f419f488,0x00000000f5200000)
  from space 16384K, 36% used [0x00000000f6300000,0x00000000f68cceb0,0x00000000f7300000)
  to   space 16896K, 0% used [0x00000000f5200000,0x00000000f5200000,0x00000000f6280000)
 ParOldGen       total 109568K, used 69399K [0x00000000c0000000, 0x00000000c6b00000, 0x00000000eab00000)
  object space 109568K, 63% used [0x00000000c0000000,0x00000000c43c5d28,0x00000000c6b00000)
 Metaspace       used 90133K, capacity 100042K, committed 100352K, reserved 1136640K
  class space    used 10720K, capacity 13795K, committed 13824K, reserved 1048576K
GC Heap History (10 events):
Event: 98.941 GC heap before
{Heap before GC invocations=34 (full 3):
 PSYoungGen      total 152576K, used 152545K [0x00000000eab00000, 0x00000000f5200000, 0x0000000100000000)
  eden space 143360K, 99% used [0x00000000eab00000,0x00000000f36ffea8,0x00000000f3700000)
  from space 9216K, 99% used [0x00000000f4380000,0x00000000f4c787c8,0x00000000f4c80000)
  to   space 12800K, 0% used [0x00000000f3700000,0x00000000f3700000,0x00000000f4380000)
 ParOldGen       total 69632K, used 53981K [0x00000000c0000000, 0x00000000c4400000, 0x00000000eab00000)
  object space 69632K, 77% used [0x00000000c0000000,0x00000000c34b7440,0x00000000c4400000)
 Metaspace       used 80206K, capacity 89846K, committed 90112K, reserved 1126400K
  class space    used 9967K, capacity 12972K, committed 13056K, reserved 1048576K
Event: 98.956 GC heap after
Heap after GC invocations=34 (full 3):
 PSYoungGen      total 156160K, used 3787K [0x00000000eab00000, 0x00000000f6000000, 0x0000000100000000)
  eden space 143360K, 0% used [0x00000000eab00000,0x00000000eab00000,0x00000000f3700000)
  from space 12800K, 29% used [0x00000000f3700000,0x00000000f3ab2cc0,0x00000000f4380000)
  to   space 12288K, 0% used [0x00000000f5400000,0x00000000f5400000,0x00000000f6000000)
 ParOldGen       total 69632K, used 57555K [0x00000000c0000000, 0x00000000c4400000, 0x00000000eab00000)
  object space 69632K, 82% used [0x00000000c0000000,0x00000000c3834e08,0x00000000c4400000)
 Metaspace       used 80206K, capacity 89846K, committed 90112K, reserved 1126400K
  class space    used 9967K, capacity 12972K, committed 13056K, reserved 1048576K
}
Event: 214.345 GC heap before
{Heap before GC invocations=35 (full 3):
 PSYoungGen      total 156160K, used 147147K [0x00000000eab00000, 0x00000000f6000000, 0x0000000100000000)
  eden space 143360K, 100% used [0x00000000eab00000,0x00000000f3700000,0x00000000f3700000)
  from space 12800K, 29% used [0x00000000f3700000,0x00000000f3ab2cc0,0x00000000f4380000)
  to   space 12288K, 0% used [0x00000000f5400000,0x00000000f5400000,0x00000000f6000000)
 ParOldGen       total 69632K, used 57555K [0x00000000c0000000, 0x00000000c4400000, 0x00000000eab00000)
  object space 69632K, 82% used [0x00000000c0000000,0x00000000c3834e08,0x00000000c4400000)
 Metaspace       used 82357K, capacity 92406K, committed 92672K, reserved 1128448K
  class space    used 10163K, capacity 13241K, committed 13312K, reserved 1048576K
Event: 214.365 GC heap after
Heap after GC invocations=35 (full 3):
 PSYoungGen      total 167936K, used 7175K [0x00000000eab00000, 0x00000000f5d80000, 0x0000000100000000)
  eden space 158208K, 0% used [0x00000000eab00000,0x00000000eab00000,0x00000000f4580000)
  from space 9728K, 73% used [0x00000000f5400000,0x00000000f5b01dc0,0x00000000f5d80000)
  to   space 12288K, 0% used [0x00000000f4580000,0x00000000f4580000,0x00000000f5180000)
 ParOldGen       total 69632K, used 57563K [0x00000000c0000000, 0x00000000c4400000, 0x00000000eab00000)
  object space 69632K, 82% used [0x00000000c0000000,0x00000000c3836e08,0x00000000c4400000)
 Metaspace       used 82357K, capacity 92406K, committed 92672K, reserved 1128448K
  class space    used 10163K, capacity 13241K, committed 13312K, reserved 1048576K
}
Event: 226.185 GC heap before
{Heap before GC invocations=36 (full 3):
 PSYoungGen      total 167936K, used 165383K [0x00000000eab00000, 0x00000000f5d80000, 0x0000000100000000)
  eden space 158208K, 100% used [0x00000000eab00000,0x00000000f4580000,0x00000000f4580000)
  from space 9728K, 73% used [0x00000000f5400000,0x00000000f5b01dc0,0x00000000f5d80000)
  to   space 12288K, 0% used [0x00000000f4580000,0x00000000f4580000,0x00000000f5180000)
 ParOldGen       total 69632K, used 57563K [0x00000000c0000000, 0x00000000c4400000, 0x00000000eab00000)
  object space 69632K, 82% used [0x00000000c0000000,0x00000000c3836e08,0x00000000c4400000)
 Metaspace       used 86890K, capacity 96964K, committed 97152K, reserved 1132544K
  class space    used 10555K, capacity 13634K, committed 13696K, reserved 1048576K
Event: 226.217 GC heap after
Heap after GC invocations=36 (full 3):
 PSYoungGen      total 170496K, used 12259K [0x00000000eab00000, 0x00000000f7480000, 0x0000000100000000)
  eden space 158208K, 0% used [0x00000000eab00000,0x00000000eab00000,0x00000000f4580000)
  from space 12288K, 99% used [0x00000000f4580000,0x00000000f5178e18,0x00000000f5180000)
  to   space 17920K, 0% used [0x00000000f6300000,0x00000000f6300000,0x00000000f7480000)
 ParOldGen       total 69632K, used 66398K [0x00000000c0000000, 0x00000000c4400000, 0x00000000eab00000)
  object space 69632K, 95% used [0x00000000c0000000,0x00000000c40d7b30,0x00000000c4400000)
 Metaspace       used 86890K, capacity 96964K, committed 97152K, reserved 1132544K
  class space    used 10555K, capacity 13634K, committed 13696K, reserved 1048576K
}
Event: 226.217 GC heap before
{Heap before GC invocations=37 (full 4):
 PSYoungGen      total 170496K, used 12259K [0x00000000eab00000, 0x00000000f7480000, 0x0000000100000000)
  eden space 158208K, 0% used [0x00000000eab00000,0x00000000eab00000,0x00000000f4580000)
  from space 12288K, 99% used [0x00000000f4580000,0x00000000f5178e18,0x00000000f5180000)
  to   space 17920K, 0% used [0x00000000f6300000,0x00000000f6300000,0x00000000f7480000)
 ParOldGen       total 69632K, used 66398K [0x00000000c0000000, 0x00000000c4400000, 0x00000000eab00000)
  object space 69632K, 95% used [0x00000000c0000000,0x00000000c40d7b30,0x00000000c4400000)
 Metaspace       used 86890K, capacity 96964K, committed 97152K, reserved 1132544K
  class space    used 10555K, capacity 13634K, committed 13696K, reserved 1048576K
Event: 226.595 GC heap after
Heap after GC invocations=37 (full 4):
 PSYoungGen      total 170496K, used 0K [0x00000000eab00000, 0x00000000f7480000, 0x0000000100000000)
  eden space 158208K, 0% used [0x00000000eab00000,0x00000000eab00000,0x00000000f4580000)
  from space 12288K, 0% used [0x00000000f4580000,0x00000000f4580000,0x00000000f5180000)
  to   space 17920K, 0% used [0x00000000f6300000,0x00000000f6300000,0x00000000f7480000)
 ParOldGen       total 109568K, used 69391K [0x00000000c0000000, 0x00000000c6b00000, 0x00000000eab00000)
  object space 109568K, 63% used [0x00000000c0000000,0x00000000c43c3d28,0x00000000c6b00000)
 Metaspace       used 86888K, capacity 96958K, committed 97152K, reserved 1132544K
  class space    used 10554K, capacity 13633K, committed 13696K, reserved 1048576K
}
Event: 235.976 GC heap before
{Heap before GC invocations=38 (full 4):
 PSYoungGen      total 170496K, used 158208K [0x00000000eab00000, 0x00000000f7480000, 0x0000000100000000)
  eden space 158208K, 100% used [0x00000000eab00000,0x00000000f4580000,0x00000000f4580000)
  from space 12288K, 0% used [0x00000000f4580000,0x00000000f4580000,0x00000000f5180000)
  to   space 17920K, 0% used [0x00000000f6300000,0x00000000f6300000,0x00000000f7480000)
 ParOldGen       total 109568K, used 69391K [0x00000000c0000000, 0x00000000c6b00000, 0x00000000eab00000)
  object space 109568K, 63% used [0x00000000c0000000,0x00000000c43c3d28,0x00000000c6b00000)
 Metaspace       used 89434K, capacity 99361K, committed 99584K, reserved 1134592K
  class space    used 10715K, capacity 13762K, committed 13824K, reserved 1048576K
Event: 235.996 GC heap after
Heap after GC invocations=38 (full 4):
 PSYoungGen      total 187392K, used 5939K [0x00000000eab00000, 0x00000000f7300000, 0x0000000100000000)
  eden space 171008K, 0% used [0x00000000eab00000,0x00000000eab00000,0x00000000f5200000)
  from space 16384K, 36% used [0x00000000f6300000,0x00000000f68cceb0,0x00000000f7300000)
  to   space 16896K, 0% used [0x00000000f5200000,0x00000000f5200000,0x00000000f6280000)
 ParOldGen       total 109568K, used 69399K [0x00000000c0000000, 0x00000000c6b00000, 0x00000000eab00000)
  object space 109568K, 63% used [0x00000000c0000000,0x00000000c43c5d28,0x00000000c6b00000)
 Metaspace       used 89434K, capacity 99361K, committed 99584K, reserved 1134592K
  class space    used 10715K, capacity 13762K, committed 13824K, reserved 1048576K
}

